<?xml version="1.0" encoding="UTF-8"?>
<testsuite xmlns:xsi="http://www.w3.org/2001/XMLSchema-instance" xsi:noNamespaceSchemaLocation="https://maven.apache.org/surefire/maven-surefire-plugin/xsd/surefire-test-report.xsd" name="com.org.app.poc.itcares.HelloServiceTest" time="9.354" tests="2" errors="0" skipped="0" failures="0">
  <properties>
[...]
</properties>
  <testcase name="credentialsTest" classname="com.org.app.poc.itcares.HelloServiceTest" time="0.125"/>
  <testcase name="getHello" classname="com.org.app.poc.itcares.HelloServiceTest" time="0.241"/>
</testsuite>