<?xml version="1.0" encoding="UTF-8"?>
<testsuite xmlns:xsi="http://www.w3.org/2001/XMLSchema-instance" xsi:noNamespaceSchemaLocation="https://maven.apache.org/surefire/maven-surefire-plugin/xsd/surefire-test-report.xsd" name="com.org.app.poc.itcares.HelloServiceTest" time="15.877" tests="2" errors="0" skipped="0" failures="1">
  <properties>
[...]
</properties>
  <testcase name="credentialsTest" classname="com.org.app.poc.itcares.HelloServiceTest" time="0.196">
    <failure message="expected: com.org.app.poc.itcares.bean.CredentialEntity@844f4d75&lt;AdministrorEntity [id=Raju, firstName=password]&gt; but was: com.org.app.poc.itcares.bean.CredentialEntity@72087615&lt;AdministrorEntity [id=Raju, firstName=password]&gt;" type="org.opentest4j.AssertionFailedError"><![CDATA[org.opentest4j.AssertionFailedError: expected: com.org.app.poc.itcares.bean.CredentialEntity@844f4d75<AdministrorEntity [id=Raju, firstName=password]> but was: com.org.app.poc.itcares.bean.CredentialEntity@72087615<AdministrorEntity [id=Raju, firstName=password]>
	at com.org.app.poc.itcares.HelloServiceTest.credentialsTest(HelloServiceTest.java:74)
]]></failure>
    <system-out><![CDATA[00:30:31.300 [main] DEBUG org.springframework.test.context.BootstrapUtils - Instantiating CacheAwareContextLoaderDelegate from class [org.springframework.test.context.cache.DefaultCacheAwareContextLoaderDelegate]
00:30:31.332 [main] DEBUG org.springframework.test.context.BootstrapUtils - Instantiating BootstrapContext using constructor [public org.springframework.test.context.support.DefaultBootstrapContext(java.lang.Class,org.springframework.test.context.CacheAwareContextLoaderDelegate)]
00:30:31.408 [main] DEBUG org.springframework.test.context.BootstrapUtils - Instantiating TestContextBootstrapper for test class [com.org.app.poc.itcares.HelloServiceTest] from class [org.springframework.boot.test.context.SpringBootTestContextBootstrapper]
00:30:31.461 [main] INFO org.springframework.boot.test.context.SpringBootTestContextBootstrapper - Neither @ContextConfiguration nor @ContextHierarchy found for test class [com.org.app.poc.itcares.HelloServiceTest], using SpringBootContextLoader
00:30:31.472 [main] DEBUG org.springframework.test.context.support.AbstractContextLoader - Did not detect default resource location for test class [com.org.app.poc.itcares.HelloServiceTest]: class path resource [com/org/app/poc/itcares/HelloServiceTest-context.xml] does not exist
00:30:31.472 [main] DEBUG org.springframework.test.context.support.AbstractContextLoader - Did not detect default resource location for test class [com.org.app.poc.itcares.HelloServiceTest]: class path resource [com/org/app/poc/itcares/HelloServiceTestContext.groovy] does not exist
00:30:31.476 [main] INFO org.springframework.test.context.support.AbstractContextLoader - Could not detect default resource locations for test class [com.org.app.poc.itcares.HelloServiceTest]: no resource found for suffixes {-context.xml, Context.groovy}.
00:30:31.476 [main] INFO org.springframework.test.context.support.AnnotationConfigContextLoaderUtils - Could not detect default configuration classes for test class [com.org.app.poc.itcares.HelloServiceTest]: HelloServiceTest does not declare any static, non-private, non-final, nested classes annotated with @Configuration.
00:30:31.567 [main] DEBUG org.springframework.test.context.support.ActiveProfilesUtils - Could not find an 'annotation declaring class' for annotation type [org.springframework.test.context.ActiveProfiles] and class [com.org.app.poc.itcares.HelloServiceTest]
00:30:31.788 [main] DEBUG org.springframework.context.annotation.ClassPathScanningCandidateComponentProvider - Identified candidate component class: file [D:\WorkSpace2\itcares\target\classes\com\org\app\poc\itcares\MainApp.class]
00:30:31.792 [main] INFO org.springframework.boot.test.context.SpringBootTestContextBootstrapper - Found @SpringBootConfiguration com.org.app.poc.itcares.MainApp for test class com.org.app.poc.itcares.HelloServiceTest
00:30:32.059 [main] DEBUG org.springframework.boot.test.context.SpringBootTestContextBootstrapper - @TestExecutionListeners is not present for class [com.org.app.poc.itcares.HelloServiceTest]: using defaults.
00:30:32.061 [main] INFO org.springframework.boot.test.context.SpringBootTestContextBootstrapper - Loaded default TestExecutionListener class names from location [META-INF/spring.factories]: [org.springframework.boot.test.mock.mockito.MockitoTestExecutionListener, org.springframework.boot.test.mock.mockito.ResetMocksTestExecutionListener, org.springframework.boot.test.autoconfigure.restdocs.RestDocsTestExecutionListener, org.springframework.boot.test.autoconfigure.web.client.MockRestServiceServerResetTestExecutionListener, org.springframework.boot.test.autoconfigure.web.servlet.MockMvcPrintOnlyOnFailureTestExecutionListener, org.springframework.boot.test.autoconfigure.web.servlet.WebDriverTestExecutionListener, org.springframework.test.context.web.ServletTestExecutionListener, org.springframework.test.context.support.DirtiesContextBeforeModesTestExecutionListener, org.springframework.test.context.support.DependencyInjectionTestExecutionListener, org.springframework.test.context.support.DirtiesContextTestExecutionListener, org.springframework.test.context.transaction.TransactionalTestExecutionListener, org.springframework.test.context.jdbc.SqlScriptsTestExecutionListener, org.springframework.test.context.event.EventPublishingTestExecutionListener]
00:30:32.115 [main] INFO org.springframework.boot.test.context.SpringBootTestContextBootstrapper - Using TestExecutionListeners: [org.springframework.test.context.web.ServletTestExecutionListener@13770e79, org.springframework.test.context.support.DirtiesContextBeforeModesTestExecutionListener@f4040961, org.springframework.boot.test.mock.mockito.MockitoTestExecutionListener@454971ba, org.springframework.boot.test.autoconfigure.SpringBootDependencyInjectionTestExecutionListener@f9ba664e, org.springframework.test.context.support.DirtiesContextTestExecutionListener@35c6fa84, org.springframework.test.context.transaction.TransactionalTestExecutionListener@54761b0b, org.springframework.test.context.jdbc.SqlScriptsTestExecutionListener@3622ca9c, org.springframework.test.context.event.EventPublishingTestExecutionListener@36d498f5, org.springframework.boot.test.mock.mockito.ResetMocksTestExecutionListener@38b28c22, org.springframework.boot.test.autoconfigure.restdocs.RestDocsTestExecutionListener@4aebf859, org.springframework.boot.test.autoconfigure.web.client.MockRestServiceServerResetTestExecutionListener@685245cc, org.springframework.boot.test.autoconfigure.web.servlet.MockMvcPrintOnlyOnFailureTestExecutionListener@a7d4c094, org.springframework.boot.test.autoconfigure.web.servlet.WebDriverTestExecutionListener@521ece0]
00:30:32.127 [main] DEBUG org.springframework.test.context.support.AbstractDirtiesContextTestExecutionListener - Before test class: context [DefaultTestContext@4b379fc1 testClass = HelloServiceTest, testInstance = [null], testMethod = [null], testException = [null], mergedContextConfiguration = [WebMergedContextConfiguration@dbfee2b9 testClass = HelloServiceTest, locations = '{}', classes = '{class com.org.app.poc.itcares.MainApp}', contextInitializerClasses = '[]', activeProfiles = '{}', propertySourceLocations = '{}', propertySourceProperties = '{org.springframework.boot.test.context.SpringBootTestContextBootstrapper=true, server.port=0}', contextCustomizers = set[org.springframework.boot.test.context.filter.ExcludeFilterContextCustomizer@235b9c51, org.springframework.boot.test.json.DuplicateJsonObjectContextCustomizerFactory$DuplicateJsonObjectContextCustomizer@9b45af58, org.springframework.boot.test.mock.mockito.MockitoContextCustomizer@0, org.springframework.boot.test.web.client.TestRestTemplateContextCustomizer@7e22dc3, org.springframework.boot.test.autoconfigure.properties.PropertyMappingContextCustomizer@0, org.springframework.boot.test.autoconfigure.web.servlet.WebDriverContextCustomizerFactory$Customizer@24f5dafb], resourceBasePath = 'src/main/webapp', contextLoader = 'org.springframework.boot.test.context.SpringBootContextLoader', parent = [null]], attributes = map['org.springframework.test.context.web.ServletTestExecutionListener.activateListener' -> false]], class annotated with @DirtiesContext [false] with mode [null].
00:30:32.164 [main] DEBUG org.springframework.test.context.support.DependencyInjectionTestExecutionListener - Performing dependency injection for test context [[DefaultTestContext@4b379fc1 testClass = HelloServiceTest, testInstance = com.org.app.poc.itcares.HelloServiceTest@b8f64168, testMethod = [null], testException = [null], mergedContextConfiguration = [WebMergedContextConfiguration@dbfee2b9 testClass = HelloServiceTest, locations = '{}', classes = '{class com.org.app.poc.itcares.MainApp}', contextInitializerClasses = '[]', activeProfiles = '{}', propertySourceLocations = '{}', propertySourceProperties = '{org.springframework.boot.test.context.SpringBootTestContextBootstrapper=true, server.port=0}', contextCustomizers = set[org.springframework.boot.test.context.filter.ExcludeFilterContextCustomizer@235b9c51, org.springframework.boot.test.json.DuplicateJsonObjectContextCustomizerFactory$DuplicateJsonObjectContextCustomizer@9b45af58, org.springframework.boot.test.mock.mockito.MockitoContextCustomizer@0, org.springframework.boot.test.web.client.TestRestTemplateContextCustomizer@7e22dc3, org.springframework.boot.test.autoconfigure.properties.PropertyMappingContextCustomizer@0, org.springframework.boot.test.autoconfigure.web.servlet.WebDriverContextCustomizerFactory$Customizer@24f5dafb], resourceBasePath = 'src/main/webapp', contextLoader = 'org.springframework.boot.test.context.SpringBootContextLoader', parent = [null]], attributes = map['org.springframework.test.context.web.ServletTestExecutionListener.activateListener' -> false]]].
00:30:32.231 [main] DEBUG org.springframework.test.context.support.TestPropertySourceUtils - Adding inlined properties to environment: {spring.jmx.enabled=false, org.springframework.boot.test.context.SpringBootTestContextBootstrapper=true, server.port=0}
LOGBACK: No context given for c.q.l.core.rolling.SizeAndTimeBasedRollingPolicy@1587558188

  .   ____          _            __ _ _
 /\\ / ___'_ __ _ _(_)_ __  __ _ \ \ \ \
( ( )\___ | '_ | '_| | '_ \/ _` | \ \ \ \
 \\/  ___)| |_)| | | | | || (_| |  ) ) ) )
  '  |____| .__|_| |_|_| |_\__, | / / / /
 =========|_|==============|___/=/_/_/_/
 :: Spring Boot ::        (v2.2.1.RELEASE)

2019-12-11 00:30:33.059  INFO 78556 --- [           main] c.org.app.poc.itcares.HelloServiceTest   : Starting HelloServiceTest on HYDPCM283953L with PID 78556 (started by Venkata.Nandam in D:\WorkSpace2\itcares)
2019-12-11 00:30:33.063  INFO 78556 --- [           main] c.org.app.poc.itcares.HelloServiceTest   : No active profile set, falling back to default profiles: default
2019-12-11 00:30:35.285  INFO 78556 --- [           main] .s.d.r.c.RepositoryConfigurationDelegate : Bootstrapping Spring Data repositories in DEFAULT mode.
2019-12-11 00:30:35.465  INFO 78556 --- [           main] .s.d.r.c.RepositoryConfigurationDelegate : Finished Spring Data repository scanning in 155ms. Found 2 repository interfaces.
2019-12-11 00:30:36.522  INFO 78556 --- [           main] trationDelegate$BeanPostProcessorChecker : Bean 'org.springframework.transaction.annotation.ProxyTransactionManagementConfiguration' of type [org.springframework.transaction.annotation.ProxyTransactionManagementConfiguration] is not eligible for getting processed by all BeanPostProcessors (for example: not eligible for auto-proxying)
2019-12-11 00:30:38.131  INFO 78556 --- [           main] o.s.b.w.embedded.tomcat.TomcatWebServer  : Tomcat initialized with port(s): 0 (http)
2019-12-11 00:30:38.163  INFO 78556 --- [           main] o.apache.catalina.core.StandardService   : Starting service [Tomcat]
2019-12-11 00:30:38.167  INFO 78556 --- [           main] org.apache.catalina.core.StandardEngine  : Starting Servlet engine: [Apache Tomcat/9.0.27]
2019-12-11 00:30:38.475  INFO 78556 --- [           main] o.a.c.c.C.[Tomcat].[localhost].[/]       : Initializing Spring embedded WebApplicationContext
2019-12-11 00:30:38.475  INFO 78556 --- [           main] o.s.web.context.ContextLoader            : Root WebApplicationContext: initialization completed in 5318 ms
2019-12-11 00:30:38.674  INFO 78556 --- [           main] com.zaxxer.hikari.HikariDataSource       : HikariPool-1 - Starting...
2019-12-11 00:30:39.026  INFO 78556 --- [           main] com.zaxxer.hikari.HikariDataSource       : HikariPool-1 - Start completed.
2019-12-11 00:30:39.034  INFO 78556 --- [           main] o.s.b.a.h2.H2ConsoleAutoConfiguration    : H2 console available at '/h2-console'. Database available at 'jdbc:mysql://localhost:3306/db_itcares'
2019-12-11 00:30:39.558  INFO 78556 --- [           main] o.hibernate.jpa.internal.util.LogHelper  : HHH000204: Processing PersistenceUnitInfo [name: default]
2019-12-11 00:30:39.749  INFO 78556 --- [           main] org.hibernate.Version                    : HHH000412: Hibernate Core {5.4.8.Final}
2019-12-11 00:30:40.145  INFO 78556 --- [           main] o.hibernate.annotations.common.Version   : HCANN000001: Hibernate Commons Annotations {5.1.0.Final}
2019-12-11 00:30:40.249 DEBUG 78556 --- [           main] org.hibernate.type.BasicTypeRegistry     : Adding type registration boolean -> org.hibernate.type.BooleanType@e01d02d
2019-12-11 00:30:40.253 DEBUG 78556 --- [           main] org.hibernate.type.BasicTypeRegistry     : Adding type registration boolean -> org.hibernate.type.BooleanType@e01d02d
2019-12-11 00:30:40.253 DEBUG 78556 --- [           main] org.hibernate.type.BasicTypeRegistry     : Adding type registration java.lang.Boolean -> org.hibernate.type.BooleanType@e01d02d
2019-12-11 00:30:40.253 DEBUG 78556 --- [           main] org.hibernate.type.BasicTypeRegistry     : Adding type registration numeric_boolean -> org.hibernate.type.NumericBooleanType@78ea0a4c
2019-12-11 00:30:40.257 DEBUG 78556 --- [           main] org.hibernate.type.BasicTypeRegistry     : Adding type registration true_false -> org.hibernate.type.TrueFalseType@9490864b
2019-12-11 00:30:40.257 DEBUG 78556 --- [           main] org.hibernate.type.BasicTypeRegistry     : Adding type registration yes_no -> org.hibernate.type.YesNoType@4d0e52a7
2019-12-11 00:30:40.261 DEBUG 78556 --- [           main] org.hibernate.type.BasicTypeRegistry     : Adding type registration byte -> org.hibernate.type.ByteType@aca9de1f
2019-12-11 00:30:40.265 DEBUG 78556 --- [           main] org.hibernate.type.BasicTypeRegistry     : Adding type registration byte -> org.hibernate.type.ByteType@aca9de1f
2019-12-11 00:30:40.265 DEBUG 78556 --- [           main] org.hibernate.type.BasicTypeRegistry     : Adding type registration java.lang.Byte -> org.hibernate.type.ByteType@aca9de1f
2019-12-11 00:30:40.269 DEBUG 78556 --- [           main] org.hibernate.type.BasicTypeRegistry     : Adding type registration character -> org.hibernate.type.CharacterType@d8aa5f71
2019-12-11 00:30:40.273 DEBUG 78556 --- [           main] org.hibernate.type.BasicTypeRegistry     : Adding type registration char -> org.hibernate.type.CharacterType@d8aa5f71
2019-12-11 00:30:40.273 DEBUG 78556 --- [           main] org.hibernate.type.BasicTypeRegistry     : Adding type registration java.lang.Character -> org.hibernate.type.CharacterType@d8aa5f71
2019-12-11 00:30:40.277 DEBUG 78556 --- [           main] org.hibernate.type.BasicTypeRegistry     : Adding type registration short -> org.hibernate.type.ShortType@b9792bb0
2019-12-11 00:30:40.277 DEBUG 78556 --- [           main] org.hibernate.type.BasicTypeRegistry     : Adding type registration short -> org.hibernate.type.ShortType@b9792bb0
2019-12-11 00:30:40.277 DEBUG 78556 --- [           main] org.hibernate.type.BasicTypeRegistry     : Adding type registration java.lang.Short -> org.hibernate.type.ShortType@b9792bb0
2019-12-11 00:30:40.281 DEBUG 78556 --- [           main] org.hibernate.type.BasicTypeRegistry     : Adding type registration integer -> org.hibernate.type.IntegerType@59607e4d
2019-12-11 00:30:40.281 DEBUG 78556 --- [           main] org.hibernate.type.BasicTypeRegistry     : Adding type registration int -> org.hibernate.type.IntegerType@59607e4d
2019-12-11 00:30:40.285 DEBUG 78556 --- [           main] org.hibernate.type.BasicTypeRegistry     : Adding type registration java.lang.Integer -> org.hibernate.type.IntegerType@59607e4d
2019-12-11 00:30:40.285 DEBUG 78556 --- [           main] org.hibernate.type.BasicTypeRegistry     : Adding type registration long -> org.hibernate.type.LongType@4702917
2019-12-11 00:30:40.289 DEBUG 78556 --- [           main] org.hibernate.type.BasicTypeRegistry     : Adding type registration long -> org.hibernate.type.LongType@4702917
2019-12-11 00:30:40.289 DEBUG 78556 --- [           main] org.hibernate.type.BasicTypeRegistry     : Adding type registration java.lang.Long -> org.hibernate.type.LongType@4702917
2019-12-11 00:30:40.293 DEBUG 78556 --- [           main] org.hibernate.type.BasicTypeRegistry     : Adding type registration float -> org.hibernate.type.FloatType@1b9d2dd7
2019-12-11 00:30:40.293 DEBUG 78556 --- [           main] org.hibernate.type.BasicTypeRegistry     : Adding type registration float -> org.hibernate.type.FloatType@1b9d2dd7
2019-12-11 00:30:40.293 DEBUG 78556 --- [           main] org.hibernate.type.BasicTypeRegistry     : Adding type registration java.lang.Float -> org.hibernate.type.FloatType@1b9d2dd7
2019-12-11 00:30:40.297 DEBUG 78556 --- [           main] org.hibernate.type.BasicTypeRegistry     : Adding type registration double -> org.hibernate.type.DoubleType@c130fefb
2019-12-11 00:30:40.297 DEBUG 78556 --- [           main] org.hibernate.type.BasicTypeRegistry     : Adding type registration double -> org.hibernate.type.DoubleType@c130fefb
2019-12-11 00:30:40.297 DEBUG 78556 --- [           main] org.hibernate.type.BasicTypeRegistry     : Adding type registration java.lang.Double -> org.hibernate.type.DoubleType@c130fefb
2019-12-11 00:30:40.301 DEBUG 78556 --- [           main] org.hibernate.type.BasicTypeRegistry     : Adding type registration big_decimal -> org.hibernate.type.BigDecimalType@1eeef665
2019-12-11 00:30:40.301 DEBUG 78556 --- [           main] org.hibernate.type.BasicTypeRegistry     : Adding type registration java.math.BigDecimal -> org.hibernate.type.BigDecimalType@1eeef665
2019-12-11 00:30:40.305 DEBUG 78556 --- [           main] org.hibernate.type.BasicTypeRegistry     : Adding type registration big_integer -> org.hibernate.type.BigIntegerType@9c52ff72
2019-12-11 00:30:40.309 DEBUG 78556 --- [           main] org.hibernate.type.BasicTypeRegistry     : Adding type registration java.math.BigInteger -> org.hibernate.type.BigIntegerType@9c52ff72
2019-12-11 00:30:40.309 DEBUG 78556 --- [           main] org.hibernate.type.BasicTypeRegistry     : Adding type registration string -> org.hibernate.type.StringType@1fdc50a4
2019-12-11 00:30:40.314 DEBUG 78556 --- [           main] org.hibernate.type.BasicTypeRegistry     : Adding type registration java.lang.String -> org.hibernate.type.StringType@1fdc50a4
2019-12-11 00:30:40.316 DEBUG 78556 --- [           main] org.hibernate.type.BasicTypeRegistry     : Adding type registration nstring -> org.hibernate.type.StringNVarcharType@a35f93c7
2019-12-11 00:30:40.318 DEBUG 78556 --- [           main] org.hibernate.type.BasicTypeRegistry     : Adding type registration ncharacter -> org.hibernate.type.CharacterNCharType@e507dc4
2019-12-11 00:30:40.321 DEBUG 78556 --- [           main] org.hibernate.type.BasicTypeRegistry     : Adding type registration url -> org.hibernate.type.UrlType@425263cd
2019-12-11 00:30:40.322 DEBUG 78556 --- [           main] org.hibernate.type.BasicTypeRegistry     : Adding type registration java.net.URL -> org.hibernate.type.UrlType@425263cd
2019-12-11 00:30:40.323 DEBUG 78556 --- [           main] org.hibernate.type.BasicTypeRegistry     : Adding type registration Duration -> org.hibernate.type.DurationType@d83a319b
2019-12-11 00:30:40.324 DEBUG 78556 --- [           main] org.hibernate.type.BasicTypeRegistry     : Adding type registration java.time.Duration -> org.hibernate.type.DurationType@d83a319b
2019-12-11 00:30:40.327 DEBUG 78556 --- [           main] org.hibernate.type.BasicTypeRegistry     : Adding type registration Instant -> org.hibernate.type.InstantType@959cec7e
2019-12-11 00:30:40.328 DEBUG 78556 --- [           main] org.hibernate.type.BasicTypeRegistry     : Adding type registration java.time.Instant -> org.hibernate.type.InstantType@959cec7e
2019-12-11 00:30:40.329 DEBUG 78556 --- [           main] org.hibernate.type.BasicTypeRegistry     : Adding type registration LocalDateTime -> org.hibernate.type.LocalDateTimeType@140fff3
2019-12-11 00:30:40.329 DEBUG 78556 --- [           main] org.hibernate.type.BasicTypeRegistry     : Adding type registration java.time.LocalDateTime -> org.hibernate.type.LocalDateTimeType@140fff3
2019-12-11 00:30:40.333 DEBUG 78556 --- [           main] org.hibernate.type.BasicTypeRegistry     : Adding type registration LocalDate -> org.hibernate.type.LocalDateType@53067745
2019-12-11 00:30:40.333 DEBUG 78556 --- [           main] org.hibernate.type.BasicTypeRegistry     : Adding type registration java.time.LocalDate -> org.hibernate.type.LocalDateType@53067745
2019-12-11 00:30:40.337 DEBUG 78556 --- [           main] org.hibernate.type.BasicTypeRegistry     : Adding type registration LocalTime -> org.hibernate.type.LocalTimeType@b65f7acd
2019-12-11 00:30:40.337 DEBUG 78556 --- [           main] org.hibernate.type.BasicTypeRegistry     : Adding type registration java.time.LocalTime -> org.hibernate.type.LocalTimeType@b65f7acd
2019-12-11 00:30:40.341 DEBUG 78556 --- [           main] org.hibernate.type.BasicTypeRegistry     : Adding type registration OffsetDateTime -> org.hibernate.type.OffsetDateTimeType@33392583
2019-12-11 00:30:40.341 DEBUG 78556 --- [           main] org.hibernate.type.BasicTypeRegistry     : Adding type registration java.time.OffsetDateTime -> org.hibernate.type.OffsetDateTimeType@33392583
2019-12-11 00:30:40.345 DEBUG 78556 --- [           main] org.hibernate.type.BasicTypeRegistry     : Adding type registration OffsetTime -> org.hibernate.type.OffsetTimeType@bdb3f4da
2019-12-11 00:30:40.345 DEBUG 78556 --- [           main] org.hibernate.type.BasicTypeRegistry     : Adding type registration java.time.OffsetTime -> org.hibernate.type.OffsetTimeType@bdb3f4da
2019-12-11 00:30:40.353 DEBUG 78556 --- [           main] org.hibernate.type.BasicTypeRegistry     : Adding type registration ZonedDateTime -> org.hibernate.type.ZonedDateTimeType@7decb1c0
2019-12-11 00:30:40.353 DEBUG 78556 --- [           main] org.hibernate.type.BasicTypeRegistry     : Adding type registration java.time.ZonedDateTime -> org.hibernate.type.ZonedDateTimeType@7decb1c0
2019-12-11 00:30:40.361 DEBUG 78556 --- [           main] org.hibernate.type.BasicTypeRegistry     : Adding type registration date -> org.hibernate.type.DateType@d9440367
2019-12-11 00:30:40.361 DEBUG 78556 --- [           main] org.hibernate.type.BasicTypeRegistry     : Adding type registration java.sql.Date -> org.hibernate.type.DateType@d9440367
2019-12-11 00:30:40.365 DEBUG 78556 --- [           main] org.hibernate.type.BasicTypeRegistry     : Adding type registration time -> org.hibernate.type.TimeType@f278615
2019-12-11 00:30:40.365 DEBUG 78556 --- [           main] org.hibernate.type.BasicTypeRegistry     : Adding type registration java.sql.Time -> org.hibernate.type.TimeType@f278615
2019-12-11 00:30:40.369 DEBUG 78556 --- [           main] org.hibernate.type.BasicTypeRegistry     : Adding type registration timestamp -> org.hibernate.type.TimestampType@a869d0d5
2019-12-11 00:30:40.369 DEBUG 78556 --- [           main] org.hibernate.type.BasicTypeRegistry     : Adding type registration java.sql.Timestamp -> org.hibernate.type.TimestampType@a869d0d5
2019-12-11 00:30:40.369 DEBUG 78556 --- [           main] org.hibernate.type.BasicTypeRegistry     : Adding type registration java.util.Date -> org.hibernate.type.TimestampType@a869d0d5
2019-12-11 00:30:40.373 DEBUG 78556 --- [           main] org.hibernate.type.BasicTypeRegistry     : Adding type registration dbtimestamp -> org.hibernate.type.DbTimestampType@bc525dc
2019-12-11 00:30:40.377 DEBUG 78556 --- [           main] org.hibernate.type.BasicTypeRegistry     : Adding type registration calendar -> org.hibernate.type.CalendarType@fa32508c
2019-12-11 00:30:40.377 DEBUG 78556 --- [           main] org.hibernate.type.BasicTypeRegistry     : Adding type registration java.util.Calendar -> org.hibernate.type.CalendarType@fa32508c
2019-12-11 00:30:40.377 DEBUG 78556 --- [           main] org.hibernate.type.BasicTypeRegistry     : Adding type registration java.util.GregorianCalendar -> org.hibernate.type.CalendarType@fa32508c
2019-12-11 00:30:40.377 DEBUG 78556 --- [           main] org.hibernate.type.BasicTypeRegistry     : Adding type registration calendar_date -> org.hibernate.type.CalendarDateType@fd2edcf6
2019-12-11 00:30:40.381 DEBUG 78556 --- [           main] org.hibernate.type.BasicTypeRegistry     : Adding type registration locale -> org.hibernate.type.LocaleType@da41b63a
2019-12-11 00:30:40.385 DEBUG 78556 --- [           main] org.hibernate.type.BasicTypeRegistry     : Adding type registration java.util.Locale -> org.hibernate.type.LocaleType@da41b63a
2019-12-11 00:30:40.385 DEBUG 78556 --- [           main] org.hibernate.type.BasicTypeRegistry     : Adding type registration currency -> org.hibernate.type.CurrencyType@cda0ec08
2019-12-11 00:30:40.389 DEBUG 78556 --- [           main] org.hibernate.type.BasicTypeRegistry     : Adding type registration java.util.Currency -> org.hibernate.type.CurrencyType@cda0ec08
2019-12-11 00:30:40.389 DEBUG 78556 --- [           main] org.hibernate.type.BasicTypeRegistry     : Adding type registration timezone -> org.hibernate.type.TimeZoneType@db3de274
2019-12-11 00:30:40.393 DEBUG 78556 --- [           main] org.hibernate.type.BasicTypeRegistry     : Adding type registration java.util.TimeZone -> org.hibernate.type.TimeZoneType@db3de274
2019-12-11 00:30:40.393 DEBUG 78556 --- [           main] org.hibernate.type.BasicTypeRegistry     : Adding type registration class -> org.hibernate.type.ClassType@77f5a93c
2019-12-11 00:30:40.393 DEBUG 78556 --- [           main] org.hibernate.type.BasicTypeRegistry     : Adding type registration java.lang.Class -> org.hibernate.type.ClassType@77f5a93c
2019-12-11 00:30:40.397 DEBUG 78556 --- [           main] org.hibernate.type.BasicTypeRegistry     : Adding type registration uuid-binary -> org.hibernate.type.UUIDBinaryType@187d947a
2019-12-11 00:30:40.397 DEBUG 78556 --- [           main] org.hibernate.type.BasicTypeRegistry     : Adding type registration java.util.UUID -> org.hibernate.type.UUIDBinaryType@187d947a
2019-12-11 00:30:40.401 DEBUG 78556 --- [           main] org.hibernate.type.BasicTypeRegistry     : Adding type registration uuid-char -> org.hibernate.type.UUIDCharType@5edf0584
2019-12-11 00:30:40.401 DEBUG 78556 --- [           main] org.hibernate.type.BasicTypeRegistry     : Adding type registration binary -> org.hibernate.type.BinaryType@1820859d
2019-12-11 00:30:40.405 DEBUG 78556 --- [           main] org.hibernate.type.BasicTypeRegistry     : Adding type registration byte[] -> org.hibernate.type.BinaryType@1820859d
2019-12-11 00:30:40.405 DEBUG 78556 --- [           main] org.hibernate.type.BasicTypeRegistry     : Adding type registration [B -> org.hibernate.type.BinaryType@1820859d
2019-12-11 00:30:40.409 DEBUG 78556 --- [           main] org.hibernate.type.BasicTypeRegistry     : Adding type registration wrapper-binary -> org.hibernate.type.WrapperBinaryType@935f0cc3
2019-12-11 00:30:40.409 DEBUG 78556 --- [           main] org.hibernate.type.BasicTypeRegistry     : Adding type registration Byte[] -> org.hibernate.type.WrapperBinaryType@935f0cc3
2019-12-11 00:30:40.409 DEBUG 78556 --- [           main] org.hibernate.type.BasicTypeRegistry     : Adding type registration [Ljava.lang.Byte; -> org.hibernate.type.WrapperBinaryType@935f0cc3
2019-12-11 00:30:40.414 DEBUG 78556 --- [           main] org.hibernate.type.BasicTypeRegistry     : Adding type registration row_version -> org.hibernate.type.RowVersionType@a10096b3
2019-12-11 00:30:40.416 DEBUG 78556 --- [           main] org.hibernate.type.BasicTypeRegistry     : Adding type registration image -> org.hibernate.type.ImageType@f436e1b4
2019-12-11 00:30:40.420 DEBUG 78556 --- [           main] org.hibernate.type.BasicTypeRegistry     : Adding type registration characters -> org.hibernate.type.CharArrayType@7cd1ff9d
2019-12-11 00:30:40.421 DEBUG 78556 --- [           main] org.hibernate.type.BasicTypeRegistry     : Adding type registration char[] -> org.hibernate.type.CharArrayType@7cd1ff9d
2019-12-11 00:30:40.422 DEBUG 78556 --- [           main] org.hibernate.type.BasicTypeRegistry     : Adding type registration [C -> org.hibernate.type.CharArrayType@7cd1ff9d
2019-12-11 00:30:40.426 DEBUG 78556 --- [           main] org.hibernate.type.BasicTypeRegistry     : Adding type registration wrapper-characters -> org.hibernate.type.CharacterArrayType@48aa3471
2019-12-11 00:30:40.427 DEBUG 78556 --- [           main] org.hibernate.type.BasicTypeRegistry     : Adding type registration [Ljava.lang.Character; -> org.hibernate.type.CharacterArrayType@48aa3471
2019-12-11 00:30:40.427 DEBUG 78556 --- [           main] org.hibernate.type.BasicTypeRegistry     : Adding type registration Character[] -> org.hibernate.type.CharacterArrayType@48aa3471
2019-12-11 00:30:40.428 DEBUG 78556 --- [           main] org.hibernate.type.BasicTypeRegistry     : Adding type registration text -> org.hibernate.type.TextType@21f3de3f
2019-12-11 00:30:40.428 DEBUG 78556 --- [           main] org.hibernate.type.BasicTypeRegistry     : Adding type registration ntext -> org.hibernate.type.NTextType@ab711c11
2019-12-11 00:30:40.436 DEBUG 78556 --- [           main] org.hibernate.type.BasicTypeRegistry     : Adding type registration blob -> org.hibernate.type.BlobType@40a1a7b9
2019-12-11 00:30:40.436 DEBUG 78556 --- [           main] org.hibernate.type.BasicTypeRegistry     : Adding type registration java.sql.Blob -> org.hibernate.type.BlobType@40a1a7b9
2019-12-11 00:30:40.436 DEBUG 78556 --- [           main] org.hibernate.type.BasicTypeRegistry     : Adding type registration materialized_blob -> org.hibernate.type.MaterializedBlobType@9c573427
2019-12-11 00:30:40.440 DEBUG 78556 --- [           main] org.hibernate.type.BasicTypeRegistry     : Adding type registration clob -> org.hibernate.type.ClobType@12c62d73
2019-12-11 00:30:40.444 DEBUG 78556 --- [           main] org.hibernate.type.BasicTypeRegistry     : Adding type registration java.sql.Clob -> org.hibernate.type.ClobType@12c62d73
2019-12-11 00:30:40.448 DEBUG 78556 --- [           main] org.hibernate.type.BasicTypeRegistry     : Adding type registration nclob -> org.hibernate.type.NClobType@f8467872
2019-12-11 00:30:40.448 DEBUG 78556 --- [           main] org.hibernate.type.BasicTypeRegistry     : Adding type registration java.sql.NClob -> org.hibernate.type.NClobType@f8467872
2019-12-11 00:30:40.453 DEBUG 78556 --- [           main] org.hibernate.type.BasicTypeRegistry     : Adding type registration materialized_clob -> org.hibernate.type.MaterializedClobType@650519b7
2019-12-11 00:30:40.453 DEBUG 78556 --- [           main] org.hibernate.type.BasicTypeRegistry     : Adding type registration materialized_nclob -> org.hibernate.type.MaterializedNClobType@1fdd1150
2019-12-11 00:30:40.457 DEBUG 78556 --- [           main] org.hibernate.type.BasicTypeRegistry     : Adding type registration serializable -> org.hibernate.type.SerializableType@e836a8ed
2019-12-11 00:30:40.465 DEBUG 78556 --- [           main] org.hibernate.type.BasicTypeRegistry     : Adding type registration object -> org.hibernate.type.ObjectType@d476143e
2019-12-11 00:30:40.465 DEBUG 78556 --- [           main] org.hibernate.type.BasicTypeRegistry     : Adding type registration java.lang.Object -> org.hibernate.type.ObjectType@d476143e
2019-12-11 00:30:40.469 DEBUG 78556 --- [           main] org.hibernate.type.BasicTypeRegistry     : Adding type registration imm_date -> org.hibernate.type.AdaptedImmutableType@ea133595
2019-12-11 00:30:40.469 DEBUG 78556 --- [           main] org.hibernate.type.BasicTypeRegistry     : Adding type registration imm_time -> org.hibernate.type.AdaptedImmutableType@3a4c833d
2019-12-11 00:30:40.469 DEBUG 78556 --- [           main] org.hibernate.type.BasicTypeRegistry     : Adding type registration imm_timestamp -> org.hibernate.type.AdaptedImmutableType@fb8473e6
2019-12-11 00:30:40.469 DEBUG 78556 --- [           main] org.hibernate.type.BasicTypeRegistry     : Adding type registration imm_dbtimestamp -> org.hibernate.type.AdaptedImmutableType@d49a0a64
2019-12-11 00:30:40.469 DEBUG 78556 --- [           main] org.hibernate.type.BasicTypeRegistry     : Adding type registration imm_calendar -> org.hibernate.type.AdaptedImmutableType@1633b9f6
2019-12-11 00:30:40.469 DEBUG 78556 --- [           main] org.hibernate.type.BasicTypeRegistry     : Adding type registration imm_calendar_date -> org.hibernate.type.AdaptedImmutableType@31fdbcfe
2019-12-11 00:30:40.469 DEBUG 78556 --- [           main] org.hibernate.type.BasicTypeRegistry     : Adding type registration imm_binary -> org.hibernate.type.AdaptedImmutableType@ec7b3368
2019-12-11 00:30:40.469 DEBUG 78556 --- [           main] org.hibernate.type.BasicTypeRegistry     : Adding type registration imm_serializable -> org.hibernate.type.AdaptedImmutableType@4d9cb362
2019-12-11 00:30:40.665  INFO 78556 --- [           main] org.hibernate.dialect.Dialect            : HHH000400: Using dialect: org.hibernate.dialect.MySQL57Dialect
2019-12-11 00:30:40.841 DEBUG 78556 --- [           main] o.h.type.spi.TypeConfiguration$Scope     : Scoping TypeConfiguration [org.hibernate.type.spi.TypeConfiguration@d5382416] to MetadataBuildingContext [org.hibernate.boot.internal.MetadataBuildingContextRootImpl@82e013c8]
2019-12-11 00:30:41.776 DEBUG 78556 --- [           main] o.h.type.spi.TypeConfiguration$Scope     : Scoping TypeConfiguration [org.hibernate.type.spi.TypeConfiguration@d5382416] to SessionFactoryImpl [org.hibernate.internal.SessionFactoryImpl@8e8830f1]
2019-12-11 00:30:42.677  INFO 78556 --- [           main] o.h.e.t.j.p.i.JtaPlatformInitiator       : HHH000490: Using JtaPlatform implementation: [org.hibernate.engine.transaction.jta.platform.internal.NoJtaPlatform]
2019-12-11 00:30:42.693 TRACE 78556 --- [           main] o.h.type.spi.TypeConfiguration$Scope     : Handling #sessionFactoryCreated from [org.hibernate.internal.SessionFactoryImpl@8e8830f1] for TypeConfiguration
2019-12-11 00:30:42.697  INFO 78556 --- [           main] j.LocalContainerEntityManagerFactoryBean : Initialized JPA EntityManagerFactory for persistence unit 'default'
2019-12-11 00:30:43.092 DEBUG 78556 --- [           main] o.h.stat.internal.StatisticsInitiator    : Statistics initialized [enabled=true]
2019-12-11 00:30:43.114  INFO 78556 --- [           main] i.StatisticalLoggingSessionEventListener : Session Metrics {
    0 nanoseconds spent acquiring 0 JDBC connections;
    0 nanoseconds spent releasing 0 JDBC connections;
    0 nanoseconds spent preparing 0 JDBC statements;
    0 nanoseconds spent executing 0 JDBC statements;
    0 nanoseconds spent executing 0 JDBC batches;
    0 nanoseconds spent performing 0 L2C puts;
    0 nanoseconds spent performing 0 L2C hits;
    0 nanoseconds spent performing 0 L2C misses;
    0 nanoseconds spent executing 0 flushes (flushing a total of 0 entities and 0 collections);
    0 nanoseconds spent executing 0 partial-flushes (flushing a total of 0 entities and 0 collections)
}
2019-12-11 00:30:43.119  INFO 78556 --- [           main] i.StatisticalLoggingSessionEventListener : Session Metrics {
    0 nanoseconds spent acquiring 0 JDBC connections;
    0 nanoseconds spent releasing 0 JDBC connections;
    0 nanoseconds spent preparing 0 JDBC statements;
    0 nanoseconds spent executing 0 JDBC statements;
    0 nanoseconds spent executing 0 JDBC batches;
    0 nanoseconds spent performing 0 L2C puts;
    0 nanoseconds spent performing 0 L2C hits;
    0 nanoseconds spent performing 0 L2C misses;
    0 nanoseconds spent executing 0 flushes (flushing a total of 0 entities and 0 collections);
    0 nanoseconds spent executing 0 partial-flushes (flushing a total of 0 entities and 0 collections)
}
2019-12-11 00:30:43.323  INFO 78556 --- [           main] i.StatisticalLoggingSessionEventListener : Session Metrics {
    0 nanoseconds spent acquiring 0 JDBC connections;
    0 nanoseconds spent releasing 0 JDBC connections;
    0 nanoseconds spent preparing 0 JDBC statements;
    0 nanoseconds spent executing 0 JDBC statements;
    0 nanoseconds spent executing 0 JDBC batches;
    0 nanoseconds spent performing 0 L2C puts;
    0 nanoseconds spent performing 0 L2C hits;
    0 nanoseconds spent performing 0 L2C misses;
    0 nanoseconds spent executing 0 flushes (flushing a total of 0 entities and 0 collections);
    0 nanoseconds spent executing 0 partial-flushes (flushing a total of 0 entities and 0 collections)
}
2019-12-11 00:30:43.492  INFO 78556 --- [           main] i.StatisticalLoggingSessionEventListener : Session Metrics {
    0 nanoseconds spent acquiring 0 JDBC connections;
    0 nanoseconds spent releasing 0 JDBC connections;
    0 nanoseconds spent preparing 0 JDBC statements;
    0 nanoseconds spent executing 0 JDBC statements;
    0 nanoseconds spent executing 0 JDBC batches;
    0 nanoseconds spent performing 0 L2C puts;
    0 nanoseconds spent performing 0 L2C hits;
    0 nanoseconds spent performing 0 L2C misses;
    0 nanoseconds spent executing 0 flushes (flushing a total of 0 entities and 0 collections);
    0 nanoseconds spent executing 0 partial-flushes (flushing a total of 0 entities and 0 collections)
}
2019-12-11 00:30:43.556  INFO 78556 --- [           main] i.StatisticalLoggingSessionEventListener : Session Metrics {
    0 nanoseconds spent acquiring 0 JDBC connections;
    0 nanoseconds spent releasing 0 JDBC connections;
    0 nanoseconds spent preparing 0 JDBC statements;
    0 nanoseconds spent executing 0 JDBC statements;
    0 nanoseconds spent executing 0 JDBC batches;
    0 nanoseconds spent performing 0 L2C puts;
    0 nanoseconds spent performing 0 L2C hits;
    0 nanoseconds spent performing 0 L2C misses;
    0 nanoseconds spent executing 0 flushes (flushing a total of 0 entities and 0 collections);
    0 nanoseconds spent executing 0 partial-flushes (flushing a total of 0 entities and 0 collections)
}
2019-12-11 00:30:43.568  INFO 78556 --- [           main] i.StatisticalLoggingSessionEventListener : Session Metrics {
    0 nanoseconds spent acquiring 0 JDBC connections;
    0 nanoseconds spent releasing 0 JDBC connections;
    0 nanoseconds spent preparing 0 JDBC statements;
    0 nanoseconds spent executing 0 JDBC statements;
    0 nanoseconds spent executing 0 JDBC batches;
    0 nanoseconds spent performing 0 L2C puts;
    0 nanoseconds spent performing 0 L2C hits;
    0 nanoseconds spent performing 0 L2C misses;
    0 nanoseconds spent executing 0 flushes (flushing a total of 0 entities and 0 collections);
    0 nanoseconds spent executing 0 partial-flushes (flushing a total of 0 entities and 0 collections)
}
2019-12-11 00:30:43.576  INFO 78556 --- [           main] i.StatisticalLoggingSessionEventListener : Session Metrics {
    0 nanoseconds spent acquiring 0 JDBC connections;
    0 nanoseconds spent releasing 0 JDBC connections;
    0 nanoseconds spent preparing 0 JDBC statements;
    0 nanoseconds spent executing 0 JDBC statements;
    0 nanoseconds spent executing 0 JDBC batches;
    0 nanoseconds spent performing 0 L2C puts;
    0 nanoseconds spent performing 0 L2C hits;
    0 nanoseconds spent performing 0 L2C misses;
    0 nanoseconds spent executing 0 flushes (flushing a total of 0 entities and 0 collections);
    0 nanoseconds spent executing 0 partial-flushes (flushing a total of 0 entities and 0 collections)
}
2019-12-11 00:30:43.851  WARN 78556 --- [           main] JpaBaseConfiguration$JpaWebConfiguration : spring.jpa.open-in-view is enabled by default. Therefore, database queries may be performed during view rendering. Explicitly configure spring.jpa.open-in-view to disable this warning
2019-12-11 00:30:44.543  INFO 78556 --- [           main] o.s.s.concurrent.ThreadPoolTaskExecutor  : Initializing ExecutorService 'applicationTaskExecutor'
2019-12-11 00:30:45.763  INFO 78556 --- [           main] o.s.b.w.embedded.tomcat.TomcatWebServer  : Tomcat started on port(s): 58900 (http) with context path ''
2019-12-11 00:30:45.771  INFO 78556 --- [           main] c.org.app.poc.itcares.HelloServiceTest   : Started HelloServiceTest in 13.535 seconds (JVM running for 16.222)
2019-12-11 00:30:45.779  INFO 78556 --- [           main] MainApp$$EnhancerBySpringCGLIB$$9218eaa6 : ********** SpringBoot Main App ***** RUN  ***** 
Hibernate: 
    select
        count(*) as col_0_0_ 
    from
        administrators credential0_
2019-12-11 00:30:46.207 TRACE 78556 --- [           main] o.h.type.descriptor.sql.BasicExtractor   : extracted value ([col_0_0_] : [BIGINT]) - [1]
2019-12-11 00:30:46.214 DEBUG 78556 --- [           main] o.h.stat.internal.StatisticsImpl         : HHH000117: HQL: select count(*) from CredentialEntity x, time: 48ms, rows: 1
2019-12-11 00:30:46.226  INFO 78556 --- [           main] i.StatisticalLoggingSessionEventListener : Session Metrics {
    1119798 nanoseconds spent acquiring 1 JDBC connections;
    0 nanoseconds spent releasing 0 JDBC connections;
    22491356 nanoseconds spent preparing 1 JDBC statements;
    1796394 nanoseconds spent executing 1 JDBC statements;
    0 nanoseconds spent executing 0 JDBC batches;
    0 nanoseconds spent performing 0 L2C puts;
    0 nanoseconds spent performing 0 L2C hits;
    0 nanoseconds spent performing 0 L2C misses;
    0 nanoseconds spent executing 0 flushes (flushing a total of 0 entities and 0 collections);
    56939 nanoseconds spent executing 1 partial-flushes (flushing a total of 0 entities and 0 collections)
}
2019-12-11 00:30:46.227  INFO 78556 --- [           main] MainApp$$EnhancerBySpringCGLIB$$9218eaa6 :  -********** SpringBoot Main App *****  Repository Count  = 1
Hibernate: 
    select
        credential0_.id as id1_0_,
        credential0_.password as password2_0_,
        credential0_.user_id as user_id3_0_ 
    from
        administrators credential0_
2019-12-11 00:30:46.303 TRACE 78556 --- [           main] o.h.type.descriptor.sql.BasicExtractor   : extracted value ([id1_0_] : [BIGINT]) - [0]
2019-12-11 00:30:46.313 TRACE 78556 --- [           main] o.h.type.descriptor.sql.BasicExtractor   : extracted value ([password2_0_] : [VARCHAR]) - [password]
2019-12-11 00:30:46.314 TRACE 78556 --- [           main] o.h.type.descriptor.sql.BasicExtractor   : extracted value ([user_id3_0_] : [VARCHAR]) - [Raju]
2019-12-11 00:30:46.325 DEBUG 78556 --- [           main] o.h.stat.internal.StatisticsImpl         : HHH000117: HQL: select generatedAlias0 from CredentialEntity as generatedAlias0, time: 23ms, rows: 1
2019-12-11 00:30:46.327  INFO 78556 --- [           main] i.StatisticalLoggingSessionEventListener : Session Metrics {
    37959 nanoseconds spent acquiring 1 JDBC connections;
    0 nanoseconds spent releasing 0 JDBC connections;
    314446 nanoseconds spent preparing 1 JDBC statements;
    1578386 nanoseconds spent executing 1 JDBC statements;
    0 nanoseconds spent executing 0 JDBC batches;
    0 nanoseconds spent performing 0 L2C puts;
    0 nanoseconds spent performing 0 L2C hits;
    0 nanoseconds spent performing 0 L2C misses;
    0 nanoseconds spent executing 0 flushes (flushing a total of 0 entities and 0 collections);
    6156 nanoseconds spent executing 1 partial-flushes (flushing a total of 0 entities and 0 collections)
}
2019-12-11 00:30:46.331  INFO 78556 --- [           main] MainApp$$EnhancerBySpringCGLIB$$9218eaa6 : ********** SpringBoot Main App *****   Entities Accessed *****
2019-12-11 00:30:46.331  INFO 78556 --- [           main] MainApp$$EnhancerBySpringCGLIB$$9218eaa6 :  ********** SpringBoot Main App *****    Entity List Retriving -  adminEntities.get(0) -> AdministrorEntity [id=Raju, firstName=password]
2019-12-11 00:30:46.331  INFO 78556 --- [           main] c.o.a.poc.itcares.controller.CityRunner  : **********  CityRunner  ***** RUN  ***** 
Hibernate: 
    select
        city0_.id as id1_1_0_,
        city0_.name as name2_1_0_,
        city0_.population as populati3_1_0_ 
    from
        cities city0_ 
    where
        city0_.id=?
2019-12-11 00:30:46.355 TRACE 78556 --- [           main] o.h.type.descriptor.sql.BasicBinder      : binding parameter [1] as [BIGINT] - [2]
2019-12-11 00:30:46.367  INFO 78556 --- [           main] i.StatisticalLoggingSessionEventListener : Session Metrics {
    47192 nanoseconds spent acquiring 1 JDBC connections;
    0 nanoseconds spent releasing 0 JDBC connections;
    382158 nanoseconds spent preparing 1 JDBC statements;
    1874879 nanoseconds spent executing 1 JDBC statements;
    0 nanoseconds spent executing 0 JDBC batches;
    0 nanoseconds spent performing 0 L2C puts;
    0 nanoseconds spent performing 0 L2C hits;
    0 nanoseconds spent performing 0 L2C misses;
    0 nanoseconds spent executing 0 flushes (flushing a total of 0 entities and 0 collections);
    0 nanoseconds spent executing 0 partial-flushes (flushing a total of 0 entities and 0 collections)
}
Hibernate: 
    select
        city0_.id as id1_1_0_,
        city0_.name as name2_1_0_,
        city0_.population as populati3_1_0_ 
    from
        cities city0_ 
    where
        city0_.id=?
2019-12-11 00:30:46.375 TRACE 78556 --- [           main] o.h.type.descriptor.sql.BasicBinder      : binding parameter [1] as [BIGINT] - [2]
2019-12-11 00:30:46.379  INFO 78556 --- [           main] i.StatisticalLoggingSessionEventListener : Session Metrics {
    38472 nanoseconds spent acquiring 1 JDBC connections;
    0 nanoseconds spent releasing 0 JDBC connections;
    394981 nanoseconds spent preparing 1 JDBC statements;
    1586080 nanoseconds spent executing 1 JDBC statements;
    0 nanoseconds spent executing 0 JDBC batches;
    0 nanoseconds spent performing 0 L2C puts;
    0 nanoseconds spent performing 0 L2C hits;
    0 nanoseconds spent performing 0 L2C misses;
    0 nanoseconds spent executing 0 flushes (flushing a total of 0 entities and 0 collections);
    0 nanoseconds spent executing 0 partial-flushes (flushing a total of 0 entities and 0 collections)
}
2019-12-11 00:30:46.383  INFO 78556 --- [           main] c.o.a.poc.itcares.controller.CityRunner  : **********  CityRunner  ***** RUN  ***** Optional.empty
Hibernate: 
    select
        city0_.id as id1_1_0_,
        city0_.name as name2_1_0_,
        city0_.population as populati3_1_0_ 
    from
        cities city0_ 
    where
        city0_.id=?
2019-12-11 00:30:46.387 TRACE 78556 --- [           main] o.h.type.descriptor.sql.BasicBinder      : binding parameter [1] as [BIGINT] - [24]
2019-12-11 00:30:46.391  INFO 78556 --- [           main] i.StatisticalLoggingSessionEventListener : Session Metrics {
    36420 nanoseconds spent acquiring 1 JDBC connections;
    0 nanoseconds spent releasing 0 JDBC connections;
    328809 nanoseconds spent preparing 1 JDBC statements;
    1435270 nanoseconds spent executing 1 JDBC statements;
    0 nanoseconds spent executing 0 JDBC batches;
    0 nanoseconds spent performing 0 L2C puts;
    0 nanoseconds spent performing 0 L2C hits;
    0 nanoseconds spent performing 0 L2C misses;
    0 nanoseconds spent executing 0 flushes (flushing a total of 0 entities and 0 collections);
    0 nanoseconds spent executing 0 partial-flushes (flushing a total of 0 entities and 0 collections)
}
2019-12-11 00:30:46.391  INFO 78556 --- [           main] c.o.a.poc.itcares.controller.CityRunner  : **********  CityRunner  ***** RUN  *****   - No city found with id %d%n24
Hibernate: 
    select
        credential0_.id as id1_0_,
        credential0_.password as password2_0_,
        credential0_.user_id as user_id3_0_ 
    from
        administrators credential0_
2019-12-11 00:30:46.530 TRACE 78556 --- [           main] o.h.type.descriptor.sql.BasicExtractor   : extracted value ([id1_0_] : [BIGINT]) - [0]
2019-12-11 00:30:46.534 TRACE 78556 --- [           main] o.h.type.descriptor.sql.BasicExtractor   : extracted value ([password2_0_] : [VARCHAR]) - [password]
2019-12-11 00:30:46.534 TRACE 78556 --- [           main] o.h.type.descriptor.sql.BasicExtractor   : extracted value ([user_id3_0_] : [VARCHAR]) - [Raju]
2019-12-11 00:30:46.534 DEBUG 78556 --- [           main] o.h.stat.internal.StatisticsImpl         : HHH000117: HQL: select generatedAlias0 from CredentialEntity as generatedAlias0, time: 5ms, rows: 1
2019-12-11 00:30:46.538  INFO 78556 --- [           main] i.StatisticalLoggingSessionEventListener : Session Metrics {
    48218 nanoseconds spent acquiring 1 JDBC connections;
    0 nanoseconds spent releasing 0 JDBC connections;
    380618 nanoseconds spent preparing 1 JDBC statements;
    1756383 nanoseconds spent executing 1 JDBC statements;
    0 nanoseconds spent executing 0 JDBC batches;
    0 nanoseconds spent performing 0 L2C puts;
    0 nanoseconds spent performing 0 L2C hits;
    0 nanoseconds spent performing 0 L2C misses;
    0 nanoseconds spent executing 0 flushes (flushing a total of 0 entities and 0 collections);
    5643 nanoseconds spent executing 1 partial-flushes (flushing a total of 0 entities and 0 collections)
}
Hibernate: 
    select
        credential0_.id as id1_0_,
        credential0_.password as password2_0_,
        credential0_.user_id as user_id3_0_ 
    from
        administrators credential0_
2019-12-11 00:30:46.546 TRACE 78556 --- [           main] o.h.type.descriptor.sql.BasicExtractor   : extracted value ([id1_0_] : [BIGINT]) - [0]
2019-12-11 00:30:46.546 TRACE 78556 --- [           main] o.h.type.descriptor.sql.BasicExtractor   : extracted value ([password2_0_] : [VARCHAR]) - [password]
2019-12-11 00:30:46.546 TRACE 78556 --- [           main] o.h.type.descriptor.sql.BasicExtractor   : extracted value ([user_id3_0_] : [VARCHAR]) - [Raju]
2019-12-11 00:30:46.550 DEBUG 78556 --- [           main] o.h.stat.internal.StatisticsImpl         : HHH000117: HQL: select generatedAlias0 from CredentialEntity as generatedAlias0, time: 5ms, rows: 1
2019-12-11 00:30:46.555  INFO 78556 --- [           main] i.StatisticalLoggingSessionEventListener : Session Metrics {
    29239 nanoseconds spent acquiring 1 JDBC connections;
    0 nanoseconds spent releasing 0 JDBC connections;
    339068 nanoseconds spent preparing 1 JDBC statements;
    1644045 nanoseconds spent executing 1 JDBC statements;
    0 nanoseconds spent executing 0 JDBC batches;
    0 nanoseconds spent performing 0 L2C puts;
    0 nanoseconds spent performing 0 L2C hits;
    0 nanoseconds spent performing 0 L2C misses;
    0 nanoseconds spent executing 0 flushes (flushing a total of 0 entities and 0 collections);
    6156 nanoseconds spent executing 1 partial-flushes (flushing a total of 0 entities and 0 collections)
}
2019-12-11 00:30:46.555  INFO 78556 --- [           main] c.org.app.poc.itcares.HelloServiceTest   : Executing HelloServiceTest -> credentialsTest() AdministrorEntity [id=Raju, firstName=password]
Hibernate: 
    select
        credential0_.id as id1_0_,
        credential0_.password as password2_0_,
        credential0_.user_id as user_id3_0_ 
    from
        administrators credential0_
2019-12-11 00:30:46.563 TRACE 78556 --- [           main] o.h.type.descriptor.sql.BasicExtractor   : extracted value ([id1_0_] : [BIGINT]) - [0]
2019-12-11 00:30:46.563 TRACE 78556 --- [           main] o.h.type.descriptor.sql.BasicExtractor   : extracted value ([password2_0_] : [VARCHAR]) - [password]
2019-12-11 00:30:46.563 TRACE 78556 --- [           main] o.h.type.descriptor.sql.BasicExtractor   : extracted value ([user_id3_0_] : [VARCHAR]) - [Raju]
2019-12-11 00:30:46.563 DEBUG 78556 --- [           main] o.h.stat.internal.StatisticsImpl         : HHH000117: HQL: select generatedAlias0 from CredentialEntity as generatedAlias0, time: 4ms, rows: 1
2019-12-11 00:30:46.567  INFO 78556 --- [           main] i.StatisticalLoggingSessionEventListener : Session Metrics {
    25648 nanoseconds spent acquiring 1 JDBC connections;
    0 nanoseconds spent releasing 0 JDBC connections;
    299057 nanoseconds spent preparing 1 JDBC statements;
    1350118 nanoseconds spent executing 1 JDBC statements;
    0 nanoseconds spent executing 0 JDBC batches;
    0 nanoseconds spent performing 0 L2C puts;
    0 nanoseconds spent performing 0 L2C hits;
    0 nanoseconds spent performing 0 L2C misses;
    0 nanoseconds spent executing 0 flushes (flushing a total of 0 entities and 0 collections);
    5642 nanoseconds spent executing 1 partial-flushes (flushing a total of 0 entities and 0 collections)
}
]]></system-out>
  </testcase>
  <testcase name="getHello" classname="com.org.app.poc.itcares.HelloServiceTest" time="0.413"/>
</testsuite>